<?xml version="1.0" encoding="UTF-8"?>
<testsuite xmlns:xsi="http://www.w3.org/2001/XMLSchema-instance" xsi:noNamespaceSchemaLocation="https://maven.apache.org/surefire/maven-surefire-plugin/xsd/surefire-test-report-3.0.xsd" version="3.0" name="com.gulsahduzgun.todo.ToDoApplicationTests" time="8.425" tests="4" errors="0" skipped="0" failures="0">
  <properties>
[...]
</properties>
  <testcase name="testFindDatabase" classname="com.gulsahduzgun.todo.ToDoApplicationTests" time="0.563">
    <system-out><![CDATA[13:32:58.068 [main] INFO org.springframework.test.context.support.AnnotationConfigContextLoaderUtils -- Could not detect default configuration classes for test class [com.gulsahduzgun.todo.ToDoApplicationTests]: ToDoApplicationTests does not declare any static, non-private, non-final, nested classes annotated with @Configuration.
13:32:58.187 [main] INFO org.springframework.boot.test.context.SpringBootTestContextBootstrapper -- Found @SpringBootConfiguration com.gulsahduzgun.todo.ToDoApplication for test class com.gulsahduzgun.todo.ToDoApplicationTests
BeforeAll comes before all of these methods
13:32:58.440 [main] INFO com.gulsahduzgun.todo.ToDoApplicationTests -- BeforeAll comes before all of these methods
13:32:58.511 [main] INFO org.springframework.boot.devtools.restart.RestartApplicationListener -- Restart disabled due to context in which it is running

  .   ____          _            __ _ _
 /\\ / ___'_ __ _ _(_)_ __  __ _ \ \ \ \
( ( )\___ | '_ | '_| | '_ \/ _` | \ \ \ \
 \\/  ___)| |_)| | | | | || (_| |  ) ) ) )
  '  |____| .__|_| |_|_| |_\__, | / / / /
 =========|_|==============|___/=/_/_/_/
 :: Spring Boot ::                (v3.1.5)

2024-07-31T13:32:58.864+03:00  INFO 20336 --- [           main] c.g.todo.ToDoApplicationTests            : Starting ToDoApplicationTests using Java 21.0.2 with PID 20336 (started by duzgu in D:\Spring-Boot\To-Do)
2024-07-31T13:32:58.866+03:00  INFO 20336 --- [           main] c.g.todo.ToDoApplicationTests            : The following 1 profile is active: "frontend"
2024-07-31T13:32:58.906+03:00 DEBUG 20336 --- [           main] o.s.w.c.s.GenericWebApplicationContext   : Refreshing org.springframework.web.context.support.GenericWebApplicationContext@6d868997
2024-07-31T13:33:00.170+03:00  INFO 20336 --- [           main] .s.d.r.c.RepositoryConfigurationDelegate : Bootstrapping Spring Data JPA repositories in DEFAULT mode.
2024-07-31T13:33:00.242+03:00  INFO 20336 --- [           main] .s.d.r.c.RepositoryConfigurationDelegate : Finished Spring Data repository scanning in 57 ms. Found 1 JPA repository interfaces.
2024-07-31T13:33:01.500+03:00  INFO 20336 --- [           main] o.s.o.j.p.SpringPersistenceUnitInfo      : No LoadTimeWeaver setup: ignoring JPA class transformer
2024-07-31T13:33:01.536+03:00  INFO 20336 --- [           main] com.zaxxer.hikari.HikariDataSource       : HikariPool-1 - Starting...
2024-07-31T13:33:01.797+03:00  INFO 20336 --- [           main] com.zaxxer.hikari.pool.HikariPool        : HikariPool-1 - Added connection conn0: url=jdbc:h2:file:./memory_persist/task user=SA
2024-07-31T13:33:01.800+03:00  INFO 20336 --- [           main] com.zaxxer.hikari.HikariDataSource       : HikariPool-1 - Start completed.
Hibernate: 
    drop table if exists task cascade 
Hibernate: 
    create table task (
        system_create_date timestamp(6),
        task_id bigint generated by default as identity,
        status_name varchar(255),
        task varchar(255),
        task_name varchar(255),
        primary key (task_id)
    )
2024-07-31T13:33:02.728+03:00  INFO 20336 --- [           main] j.LocalContainerEntityManagerFactoryBean : Initialized JPA EntityManagerFactory for persistence unit 'default'
2024-07-31T13:33:03.575+03:00  WARN 20336 --- [           main] JpaBaseConfiguration$JpaWebConfiguration : spring.jpa.open-in-view is enabled by default. Therefore, database queries may be performed during view rendering. Explicitly configure spring.jpa.open-in-view to disable this warning
2024-07-31T13:33:03.739+03:00 DEBUG 20336 --- [           main] s.w.s.m.m.a.RequestMappingHandlerAdapter : ControllerAdvice beans: 0 @ModelAttribute, 0 @InitBinder, 1 RequestBodyAdvice, 1 ResponseBodyAdvice
2024-07-31T13:33:03.867+03:00 DEBUG 20336 --- [           main] s.w.s.m.m.a.RequestMappingHandlerMapping : 5 mappings in 'requestMappingHandlerMapping'
2024-07-31T13:33:04.663+03:00 DEBUG 20336 --- [           main] o.s.w.s.handler.SimpleUrlHandlerMapping  : Patterns [/webjars/**, /**, /swagger-ui*/*swagger-initializer.js, /swagger-ui*/**] in 'resourceHandlerMapping'
2024-07-31T13:33:04.673+03:00 DEBUG 20336 --- [           main] .m.m.a.ExceptionHandlerExceptionResolver : ControllerAdvice beans: 1 @ExceptionHandler, 1 ResponseBodyAdvice
2024-07-31T13:33:04.723+03:00  WARN 20336 --- [           main] ion$DefaultTemplateResolverConfiguration : Cannot find template location: classpath:/templates/ (please add some templates, check your Thymeleaf configuration, or set spring.thymeleaf.check-template-location=false)
2024-07-31T13:33:05.167+03:00  INFO 20336 --- [           main] o.s.b.a.h2.H2ConsoleAutoConfiguration    : H2 console available at '/h2-console'. Database available at 'jdbc:h2:file:./memory_persist/task'
2024-07-31T13:33:05.195+03:00  INFO 20336 --- [           main] o.s.b.a.e.web.EndpointLinksResolver      : Exposing 15 endpoint(s) beneath base path '/actuator'
2024-07-31T13:33:05.283+03:00  INFO 20336 --- [           main] c.g.todo.ToDoApplicationTests            : Started ToDoApplicationTests in 6.791 seconds (process running for 8.023)
2024-07-31T13:33:05.394+03:00  INFO 20336 --- [           main] c.g.t.u.commandlinerunner.MainRunner     : Blog Categories
Blog Categories
Hibernate: 
    insert 
    into
        task
        (status_name,system_create_date,task,task_name,task_id) 
    values
        (?,?,?,?,default)
Hibernate: 
    insert 
    into
        task
        (status_name,system_create_date,task,task_name,task_id) 
    values
        (?,?,?,?,default)
Hibernate: 
    insert 
    into
        task
        (status_name,system_create_date,task,task_name,task_id) 
    values
        (?,?,?,?,default)
BeforeEach comes before running test methods
2024-07-31T13:33:06.014+03:00  INFO 20336 --- [           main] c.g.todo.ToDoApplicationTests            : BeforeEach comes before running test methods
Test Find
Hibernate: 
    select
        t1_0.task_id,
        t1_0.status_name,
        t1_0.system_create_date,
        t1_0.task,
        t1_0.task_name 
    from
        task t1_0 
    where
        t1_0.task_id=?
AfterEach comes after all of these methods  
2024-07-31T13:33:06.072+03:00  INFO 20336 --- [           main] c.g.todo.ToDoApplicationTests            : AfterEach comes after all of these methods 
]]></system-out>
    <system-err><![CDATA[WARNING: A Java agent has been loaded dynamically (C:\Users\duzgu\.m2\repository\net\bytebuddy\byte-buddy-agent\1.14.9\byte-buddy-agent-1.14.9.jar)
WARNING: If a serviceability tool is in use, please run with -XX:+EnableDynamicAgentLoading to hide this warning
WARNING: If a serviceability tool is not in use, please run with -Djdk.instrument.traceUsage for more information
WARNING: Dynamic loading of agents will be disallowed by default in a future release
]]></system-err>
  </testcase>
  <testcase name="testListDatabase" classname="com.gulsahduzgun.todo.ToDoApplicationTests" time="0.152">
    <system-out><![CDATA[BeforeEach comes before running test methods
2024-07-31T13:33:06.086+03:00  INFO 20336 --- [           main] c.g.todo.ToDoApplicationTests            : BeforeEach comes before running test methods
Test List 
Hibernate: 
    select
        t1_0.task_id,
        t1_0.status_name,
        t1_0.system_create_date,
        t1_0.task,
        t1_0.task_name 
    from
        task t1_0
AfterEach comes after all of these methods  
2024-07-31T13:33:06.234+03:00  INFO 20336 --- [           main] c.g.todo.ToDoApplicationTests            : AfterEach comes after all of these methods 
]]></system-out>
  </testcase>
  <testcase name="testUpdateDatabase" classname="com.gulsahduzgun.todo.ToDoApplicationTests" time="0.032">
    <system-out><![CDATA[BeforeEach comes before running test methods
2024-07-31T13:33:06.239+03:00  INFO 20336 --- [           main] c.g.todo.ToDoApplicationTests            : BeforeEach comes before running test methods
Test Update
Hibernate: 
    select
        t1_0.task_id,
        t1_0.status_name,
        t1_0.system_create_date,
        t1_0.task,
        t1_0.task_name 
    from
        task t1_0 
    where
        t1_0.task_id=?
Hibernate: 
    select
        t1_0.task_id,
        t1_0.status_name,
        t1_0.system_create_date,
        t1_0.task,
        t1_0.task_name 
    from
        task t1_0 
    where
        t1_0.task_id=?
Hibernate: 
    update
        task 
    set
        status_name=?,
        system_create_date=?,
        task=?,
        task_name=? 
    where
        task_id=?
Hibernate: 
    select
        t1_0.task_id,
        t1_0.status_name,
        t1_0.system_create_date,
        t1_0.task,
        t1_0.task_name 
    from
        task t1_0 
    where
        t1_0.task_id=?
AfterEach comes after all of these methods  
2024-07-31T13:33:06.267+03:00  INFO 20336 --- [           main] c.g.todo.ToDoApplicationTests            : AfterEach comes after all of these methods 
]]></system-out>
  </testcase>
  <testcase name="testCreateDatabase" classname="com.gulsahduzgun.todo.ToDoApplicationTests" time="0.008">
    <system-out><![CDATA[BeforeEach comes before running test methods
2024-07-31T13:33:06.271+03:00  INFO 20336 --- [           main] c.g.todo.ToDoApplicationTests            : BeforeEach comes before running test methods
Test Create Task Database
Hibernate: 
    insert 
    into
        task
        (status_name,system_create_date,task,task_name,task_id) 
    values
        (?,?,?,?,default)
Hibernate: 
    select
        t1_0.task_id,
        t1_0.status_name,
        t1_0.system_create_date,
        t1_0.task,
        t1_0.task_name 
    from
        task t1_0 
    where
        t1_0.task_id=?
AfterEach comes after all of these methods  
2024-07-31T13:33:06.277+03:00  INFO 20336 --- [           main] c.g.todo.ToDoApplicationTests            : AfterEach comes after all of these methods 
]]></system-out>
  </testcase>
</testsuite>